<?xml version="1.0" encoding="UTF-8"?>
<!-- Generated by org.testng.reporters.JUnitReportReporter -->
<testsuite hostname="NMM" failures="0" tests="1" name="Testngg.Logoover" time="0.072" errors="0" timestamp="2024-07-22T09:47:57 IST" skipped="0">
  <testcase classname="Testngg.Logoover" name="testing" time="0.072"/>
  <system-out/>
</testsuite> <!-- Testngg.Logoover -->
