<?xml version="1.0" encoding="UTF-8"?>
<!-- Generated by org.testng.reporters.JUnitReportReporter -->
<testsuite hostname="NMM" failures="0" tests="1" name="Testngg.Testngcheckk" time="5.506" errors="0" timestamp="2024-07-15T10:59:57 IST" skipped="0">
  <testcase classname="Testngg.Testngcheckk" name="f" time="5.506"/>
  <system-out/>
</testsuite> <!-- Testngg.Testngcheckk -->
