<?xml version="1.0" encoding="UTF-8"?>
<!-- Generated by org.testng.reporters.JUnitReportReporter -->
<testsuite hostname="NMM" failures="0" tests="2" name="Testngg.Extendedreport" time="0.056" errors="0" timestamp="2024-07-23T10:27:16 IST" skipped="0">
  <testcase classname="Testngg.Extendedreport" name="title" time="0.012"/>
  <system-out/>
  <testcase classname="Testngg.Extendedreport" name="logo" time="0.044"/>
  <system-out/>
</testsuite> <!-- Testngg.Extendedreport -->
